<?xml version="1.0" encoding="UTF-8"?>
<!-- Generated by org.testng.reporters.JUnitXMLReporter -->
<testsuite ignored="0" hostname="DESKTOP-LFNQ669" failures="1" tests="4" name="Functional Test" time="0.173" errors="0" timestamp="2022-05-20T11:27:21 EDT">
  <testcase classname="ui.GroupDemo" name="bTest2" time="0.065">
    <failure type="java.lang.AssertionError" message="expected [true] but found [false]">
      <![CDATA[java.lang.AssertionError: expected [true] but found [false]
at ui.GroupDemo.bTest2(GroupDemo.java:41)
at java.base/java.util.ArrayList.forEach(ArrayList.java:1511)
... Removed 31 stack frames]]>
    </failure>
  </testcase> <!-- bTest2 -->
  <testcase classname="ui.GroupDemo" name="bTest3" time="0.003"/>
  <testcase classname="ui.GroupDemo" name="alogTest1" time="0.003"/>
  <testcase classname="ui.GroupDemo" name="blogTest" time="0.005"/>
</testsuite> <!-- Functional Test -->
