<?xml version="1.0" encoding="UTF-8"?>
<!-- Generated by org.testng.reporters.JUnitXMLReporter -->
<testsuite ignored="1" hostname="DESKTOP-LFNQ669" failures="1" tests="14" name="Test" time="14.247" errors="0" timestamp="2022-05-19T14:32:42 EDT">
  <testcase classname="ui.SkipDemoTest" name="skipTest2" time="0.007">
    <skipped/>
  </testcase> <!-- skipTest2 -->
  <testcase classname="ui.SkipDemoTest" name="skipTest3" time="0.002"/>
  <testcase classname="ui.LoginTest" name="signinTest" time="0.003"/>
  <testcase classname="ui.LoginTest" name="dloginTest" time="0.003"/>
  <testcase classname="ui.LoginTest" name="alogoutTest" time="0.002"/>
  <testcase classname="ui.verifyTittleTest" name="titleTest" time="14.131">
    <failure type="java.lang.AssertionError" message="The following asserts failed:
	expected [Electronics, Cars, --gFashion, Collectibles &amp;amp; More | eBay] but found [Electronics, Cars, Fashion, Collectibles &amp;amp; More | eBay],
	Text Varification Failed expected [submit loo] but found [submit]">
      <![CDATA[java.lang.AssertionError: The following asserts failed:
expected [Electronics, Cars, --gFashion, Collectibles & More | eBay] but found [Electronics, Cars, Fashion, Collectibles & More | eBay],
Text Varification Failed expected [submit loo] but found [submit]
at ui.verifyTittleTest.titleTest(verifyTittleTest.java:33)
at java.base/java.util.ArrayList.forEach(ArrayList.java:1511)
... Removed 29 stack frames]]>
    </failure>
  </testcase> <!-- titleTest -->
  <testcase classname="ui.GroupDemoTest2" name="bTest2" time="0.001"/>
  <testcase classname="ui.GroupDemoTest2" name="bTest3" time="0.001"/>
  <testcase classname="ui.GroupDemoTest2" name="aloginTest" time="0.002"/>
  <testcase classname="ui.GroupDemoTest2" name="blogoutTest" time="0.002"/>
  <testcase classname="ui.GroupDemo" name="bTest2" time="0.003"/>
  <testcase classname="ui.GroupDemo" name="bTest3" time="0.001"/>
  <testcase classname="ui.GroupDemo" name="aloginTest" time="0.001"/>
  <testcase classname="ui.GroupDemo" name="blogoutTest" time="0.001"/>
  <testcase classname="ui.SkipDemoTest" name="skipTest1" time="0.0">
    <ignored/>
  </testcase> <!-- skipTest1 -->
</testsuite> <!-- Test -->
