<?xml version="1.0" encoding="UTF-8"?>
<!-- Generated by org.testng.reporters.JUnitXMLReporter -->
<testsuite ignored="0" hostname="DESKTOP-LFNQ669" failures="1" tests="8" name="Functional Testing" time="9.796" errors="0" timestamp="2022-05-18T19:21:15 EDT">
  <testcase classname="ui.LoginTest" name="signinTest" time="0.007"/>
  <testcase classname="ui.LoginTest" name="dloginTest" time="0.001"/>
  <testcase classname="ui.LoginTest" name="alogoutTest" time="0.004"/>
  <testcase classname="ui.verifyTittleTest" name="titleTest" time="9.692">
    <failure type="java.lang.AssertionError" message="The following asserts failed:
	expected [Electronics, Cars, --gFashion, Collectibles &amp;amp; More | eBay] but found [Electronics, Cars, Fashion, Collectibles &amp;amp; More | eBay],
	Text Varification Failed expected [submit loo] but found [submit]">
      <![CDATA[java.lang.AssertionError: The following asserts failed:
expected [Electronics, Cars, --gFashion, Collectibles & More | eBay] but found [Electronics, Cars, Fashion, Collectibles & More | eBay],
Text Varification Failed expected [submit loo] but found [submit]
at ui.verifyTittleTest.titleTest(verifyTittleTest.java:33)
at java.base/java.util.ArrayList.forEach(ArrayList.java:1511)
... Removed 29 stack frames]]>
    </failure>
  </testcase> <!-- titleTest -->
  <testcase classname="ui.GroupDemo" name="bTest2" time="0.006"/>
  <testcase classname="ui.GroupDemo" name="bTest3" time="0.002"/>
  <testcase classname="ui.GroupDemo" name="aloginTest" time="0.002"/>
  <testcase classname="ui.GroupDemo" name="blogoutTest" time="0.002"/>
</testsuite> <!-- Functional Testing -->
